ETH
1703981521558
{
  USD: {
    price: 2293.9936219256856,
    volume_24h: 6856523166.083479,
    volume_change_24h: -45.1072,
    percent_change_1h: -0.04702684,
    percent_change_24h: -0.22921562,
    percent_change_7d: -0.49814726,
    percent_change_30d: 11.90672959,
    percent_change_60d: 26.33304018,
    percent_change_90d: 32.52599179,
    market_cap: 275698440411.57587,
    market_cap_dominance: 16.6901,
    fully_diluted_market_cap: 275698440411.58,
    tvl: null,
    last_updated: '2023-12-31T00:10:00.000Z'
  }
}
